#
# There is insufficient memory for the Java Runtime Environment to continue.
# Native memory allocation (mmap) failed to map 48234496 bytes. Error detail: G1 virtual space
# Possible reasons:
#   The system is out of physical RAM or swap space
#   This process is running with CompressedOops enabled, and the Java Heap may be blocking the growth of the native heap
# Possible solutions:
#   Reduce memory load on the system
#   Increase physical memory or swap space
#   Check if swap backing store is full
#   Decrease Java heap size (-Xmx/-Xms)
#   Decrease number of Java threads
#   Decrease Java thread stack sizes (-Xss)
#   Set larger code cache with -XX:ReservedCodeCacheSize=
#   JVM is running with Zero Based Compressed Oops mode in which the Java heap is
#     placed in the first 32GB address space. The Java Heap base address is the
#     maximum limit for the native heap growth. Please use -XX:HeapBaseMinAddress
#     to set the Java Heap base and to place the Java Heap above 32GB virtual address.
# This output file may be truncated or incomplete.
#
#  Out of Memory Error (os_windows.cpp:3828), pid=16580, tid=16664
#
# JRE version: OpenJDK Runtime Environment (21.0.5) (build 21.0.5+-12932927-b750.29)
# Java VM: OpenJDK 64-Bit Server VM (21.0.5+-12932927-b750.29, mixed mode, tiered, compressed oops, compressed class ptrs, g1 gc, windows-amd64)
# No core dump will be written. Minidumps are not enabled by default on client versions of Windows
#

---------------  S U M M A R Y ------------

Command Line: org.jetbrains.kotlin.cli.jvm.K2JVMCompiler @C:\Users\user\AndroidStudioProjects\middle-android-repo\app\build\20250323_9704150840297727382.compiler.options

Host: 13th Gen Intel(R) Core(TM) i9-13900H, 20 cores, 15G,  Windows 11 , 64 bit Build 22621 (10.0.22621.4391)
Time: Sun Mar 23 12:27:16 2025 RTZ 2 (s 11 , 64 bit Build 22621 (10.0.22621.4391) elapsed time: 2.723933 seconds (0d 0h 0m 2s)

---------------  T H R E A D  ---------------

Current thread (0x000001fce6079d90):  VMThread "VM Thread"          [id=16664, stack(0x00000099bb000000,0x00000099bb100000) (1024K)]

Stack: [0x00000099bb000000,0x00000099bb100000]
Native frames: (J=compiled Java code, j=interpreted, Vv=VM code, C=native code)
V  [jvm.dll+0x6cfb29]
V  [jvm.dll+0x85ded3]
V  [jvm.dll+0x86042e]
V  [jvm.dll+0x860b13]
V  [jvm.dll+0x27e6b6]
V  [jvm.dll+0x6cc385]
V  [jvm.dll+0x6c078a]
V  [jvm.dll+0x35525b]
V  [jvm.dll+0x35ceb6]
V  [jvm.dll+0x3aedd6]
V  [jvm.dll+0x3af0a8]
V  [jvm.dll+0x32792c]
V  [jvm.dll+0x3279b7]
V  [jvm.dll+0x36d80c]
V  [jvm.dll+0x36bfbe]
V  [jvm.dll+0x327081]
V  [jvm.dll+0x36b6d0]
V  [jvm.dll+0x866898]
V  [jvm.dll+0x867c14]
V  [jvm.dll+0x868150]
V  [jvm.dll+0x8683e3]
V  [jvm.dll+0x806368]
V  [jvm.dll+0x6ce3fd]
C  [ucrtbase.dll+0x29333]
C  [KERNEL32.DLL+0x1259d]
C  [ntdll.dll+0x5af38]

VM_Operation (0x00000099ba9f98f0): G1CollectForAllocation, mode: safepoint, requested by thread 0x000001fcc4bcf560


---------------  P R O C E S S  ---------------

Threads class SMR info:
_java_thread_list=0x000001fce9d7c6b0, length=19, elements={
0x000001fcc4bcf560, 0x000001fce60e3bd0, 0x000001fce60e4720, 0x000001fce60ca1b0,
0x000001fce60cac00, 0x000001fce60cb650, 0x000001fce60ce0b0, 0x000001fce60cee30,
0x000001fce60f0390, 0x000001fce61e5ad0, 0x000001fce629fef0, 0x000001fce62a4720,
0x000001fce6337f80, 0x000001fce6338620, 0x000001fce671a0f0, 0x000001fce661ce80,
0x000001fce7714a60, 0x000001fce8330110, 0x000001fce832eca0
}

Java Threads: ( => current thread )
  0x000001fcc4bcf560 JavaThread "main"                              [_thread_blocked, id=16636, stack(0x00000099ba900000,0x00000099baa00000) (1024K)]
  0x000001fce60e3bd0 JavaThread "Reference Handler"          daemon [_thread_blocked, id=16668, stack(0x00000099bb100000,0x00000099bb200000) (1024K)]
  0x000001fce60e4720 JavaThread "Finalizer"                  daemon [_thread_blocked, id=16672, stack(0x00000099bb200000,0x00000099bb300000) (1024K)]
  0x000001fce60ca1b0 JavaThread "Signal Dispatcher"          daemon [_thread_blocked, id=16676, stack(0x00000099bb300000,0x00000099bb400000) (1024K)]
  0x000001fce60cac00 JavaThread "Attach Listener"            daemon [_thread_blocked, id=16680, stack(0x00000099bb400000,0x00000099bb500000) (1024K)]
  0x000001fce60cb650 JavaThread "Service Thread"             daemon [_thread_blocked, id=16684, stack(0x00000099bb500000,0x00000099bb600000) (1024K)]
  0x000001fce60ce0b0 JavaThread "Monitor Deflation Thread"   daemon [_thread_blocked, id=16688, stack(0x00000099bb600000,0x00000099bb700000) (1024K)]
  0x000001fce60cee30 JavaThread "C2 CompilerThread0"         daemon [_thread_blocked, id=16692, stack(0x00000099bb700000,0x00000099bb800000) (1024K)]
  0x000001fce60f0390 JavaThread "C1 CompilerThread0"         daemon [_thread_blocked, id=16696, stack(0x00000099bb800000,0x00000099bb900000) (1024K)]
  0x000001fce61e5ad0 JavaThread "C1 CompilerThread1"         daemon [_thread_blocked, id=16700, stack(0x00000099bb900000,0x00000099bba00000) (1024K)]
  0x000001fce629fef0 JavaThread "Notification Thread"        daemon [_thread_blocked, id=16704, stack(0x00000099bba00000,0x00000099bbb00000) (1024K)]
  0x000001fce62a4720 JavaThread "Common-Cleaner"             daemon [_thread_blocked, id=16708, stack(0x00000099bbb00000,0x00000099bbc00000) (1024K)]
  0x000001fce6337f80 JavaThread "C2 CompilerThread1"         daemon [_thread_blocked, id=16712, stack(0x00000099bbc00000,0x00000099bbd00000) (1024K)]
  0x000001fce6338620 JavaThread "C2 CompilerThread2"         daemon [_thread_blocked, id=16716, stack(0x00000099bbd00000,0x00000099bbe00000) (1024K)]
  0x000001fce671a0f0 JavaThread "C1 CompilerThread2"         daemon [_thread_blocked, id=16720, stack(0x00000099bbe00000,0x00000099bbf00000) (1024K)]
  0x000001fce661ce80 JavaThread "C1 CompilerThread3"         daemon [_thread_blocked, id=16724, stack(0x00000099bbf00000,0x00000099bc000000) (1024K)]
  0x000001fce7714a60 JavaThread "C2 CompilerThread3"         daemon [_thread_blocked, id=16780, stack(0x00000099bca00000,0x00000099bcb00000) (1024K)]
  0x000001fce8330110 JavaThread "C2 CompilerThread4"         daemon [_thread_blocked, id=16860, stack(0x00000099bd000000,0x00000099bd100000) (1024K)]
  0x000001fce832eca0 JavaThread "C2 CompilerThread5"         daemon [_thread_blocked, id=16864, stack(0x00000099bd100000,0x00000099bd200000) (1024K)]
Total: 19

Other Threads:
=>0x000001fce6079d90 VMThread "VM Thread"                           [id=16664, stack(0x00000099bb000000,0x00000099bb100000) (1024K)]
  0x000001fce1cdb170 WatcherThread "VM Periodic Task Thread"        [id=16660, stack(0x00000099baf00000,0x00000099bb000000) (1024K)]
  0x000001fcc705d5f0 WorkerThread "GC Thread#0"                     [id=16640, stack(0x00000099baa00000,0x00000099bab00000) (1024K)]
  0x000001fce6a22590 WorkerThread "GC Thread#1"                     [id=16732, stack(0x00000099bc000000,0x00000099bc100000) (1024K)]
  0x000001fce6a22930 WorkerThread "GC Thread#2"                     [id=16736, stack(0x00000099bc100000,0x00000099bc200000) (1024K)]
  0x000001fce6a22cd0 WorkerThread "GC Thread#3"                     [id=16740, stack(0x00000099bc200000,0x00000099bc300000) (1024K)]
  0x000001fce6a23070 WorkerThread "GC Thread#4"                     [id=16744, stack(0x00000099bc300000,0x00000099bc400000) (1024K)]
  0x000001fce6a13cb0 WorkerThread "GC Thread#5"                     [id=16748, stack(0x00000099bc400000,0x00000099bc500000) (1024K)]
  0x000001fce6c0b0d0 WorkerThread "GC Thread#6"                     [id=16760, stack(0x00000099bc500000,0x00000099bc600000) (1024K)]
  0x000001fce6c0b470 WorkerThread "GC Thread#7"                     [id=16764, stack(0x00000099bc600000,0x00000099bc700000) (1024K)]
  0x000001fce71f1b60 WorkerThread "GC Thread#8"                     [id=16788, stack(0x00000099bcb00000,0x00000099bcc00000) (1024K)]
  0x000001fce71f1f00 WorkerThread "GC Thread#9"                     [id=16796, stack(0x00000099bcc00000,0x00000099bcd00000) (1024K)]
  0x000001fce71f5560 WorkerThread "GC Thread#10"                    [id=16800, stack(0x00000099bcd00000,0x00000099bce00000) (1024K)]
  0x000001fce71f46e0 WorkerThread "GC Thread#11"                    [id=16804, stack(0x00000099bce00000,0x00000099bcf00000) (1024K)]
  0x000001fce83433c0 WorkerThread "GC Thread#12"                    [id=16856, stack(0x00000099bcf00000,0x00000099bd000000) (1024K)]
  0x000001fcea35f130 WorkerThread "GC Thread#13"                    [id=16880, stack(0x00000099bd200000,0x00000099bd300000) (1024K)]
  0x000001fcea360a90 WorkerThread "GC Thread#14"                    [id=16884, stack(0x00000099bd300000,0x00000099bd400000) (1024K)]
  0x000001fcc706e960 ConcurrentGCThread "G1 Main Marker"            [id=16644, stack(0x00000099bab00000,0x00000099bac00000) (1024K)]
  0x000001fcc706f460 WorkerThread "G1 Conc#0"                       [id=16648, stack(0x00000099bac00000,0x00000099bad00000) (1024K)]
  0x000001fce6c0bf50 WorkerThread "G1 Conc#1"                       [id=16768, stack(0x00000099bc700000,0x00000099bc800000) (1024K)]
  0x000001fce6c0c2f0 WorkerThread "G1 Conc#2"                       [id=16772, stack(0x00000099bc800000,0x00000099bc900000) (1024K)]
  0x000001fce6c0c690 WorkerThread "G1 Conc#3"                       [id=16776, stack(0x00000099bc900000,0x00000099bca00000) (1024K)]
  0x000001fce1bb0040 ConcurrentGCThread "G1 Refine#0"               [id=16652, stack(0x00000099bad00000,0x00000099bae00000) (1024K)]
  0x000001fce1bb0bb0 ConcurrentGCThread "G1 Service"                [id=16656, stack(0x00000099bae00000,0x00000099baf00000) (1024K)]
Total: 24

Threads with active compile tasks:
Total: 0

VM state: at safepoint (normal execution)

VM Mutex/Monitor currently owned by a thread:  ([mutex/lock_event])
[0x00007ffced3cd360] Threads_lock - owner thread: 0x000001fce6079d90
[0x00007ffced3cd460] Heap_lock - owner thread: 0x000001fcc4bcf560

Heap address: 0x0000000705e00000, size: 4002 MB, Compressed Oops mode: Zero based, Oop shift amount: 3

CDS archive(s) not mapped
Compressed class space mapped at: 0x0000000800000000-0x0000000840000000, reserved size: 1073741824
Narrow klass base: 0x0000000800000000, Narrow klass shift: 0, Narrow klass range: 0x40000000

GC Precious Log:
 CardTable entry size: 512
 Card Set container configuration: InlinePtr #cards 4 size 8 Array Of Cards #cards 16 size 48 Howl #buckets 8 coarsen threshold 3686 Howl Bitmap #cards 512 size 80 coarsen threshold 460 Card regions per heap region 1 cards per card region 4096
 CPUs: 20 total, 20 available
 Memory: 16005M
 Large Page Support: Disabled
 NUMA Support: Disabled
 Compressed Oops: Enabled (Zero based)
 Heap Region Size: 2M
 Heap Min Capacity: 8M
 Heap Initial Capacity: 252M
 Heap Max Capacity: 4002M
 Pre-touch: Disabled
 Parallel Workers: 15
 Concurrent Workers: 4
 Concurrent Refinement Workers: 15
 Periodic GC: Disabled

Heap:
 garbage-first heap   total 153600K, used 76712K [0x0000000705e00000, 0x0000000800000000)
  region size 2048K, 4 young (8192K), 4 survivors (8192K)
 Metaspace       used 59844K, committed 60160K, reserved 1114112K
  class space    used 6585K, committed 6720K, reserved 1048576K

Heap Regions: E=young(eden), S=young(survivor), O=old, HS=humongous(starts), HC=humongous(continues), CS=collection set, F=free, TAMS=top-at-mark-start, PB=parsable bottom
|   0|0x0000000705e00000, 0x0000000706000000, 0x0000000706000000|100%|HS|  |TAMS 0x0000000705e00000| PB 0x0000000705e00000| Complete 
|   1|0x0000000706000000, 0x0000000706200000, 0x0000000706200000|100%|HC|  |TAMS 0x0000000706000000| PB 0x0000000706000000| Complete 
|   2|0x0000000706200000, 0x0000000706400000, 0x0000000706400000|100%| O|  |TAMS 0x0000000706200000| PB 0x0000000706200000| Untracked 
|   3|0x0000000706400000, 0x0000000706600000, 0x0000000706600000|100%| O|  |TAMS 0x0000000706400000| PB 0x0000000706400000| Untracked 
|   4|0x0000000706600000, 0x0000000706800000, 0x0000000706800000|100%| O|  |TAMS 0x0000000706600000| PB 0x0000000706600000| Untracked 
|   5|0x0000000706800000, 0x0000000706a00000, 0x0000000706a00000|100%| O|  |TAMS 0x0000000706800000| PB 0x0000000706800000| Untracked 
|   6|0x0000000706a00000, 0x0000000706c00000, 0x0000000706c00000|100%| O|  |TAMS 0x0000000706a00000| PB 0x0000000706a00000| Untracked 
|   7|0x0000000706c00000, 0x0000000706e00000, 0x0000000706e00000|100%| O|  |TAMS 0x0000000706c00000| PB 0x0000000706c00000| Untracked 
|   8|0x0000000706e00000, 0x0000000707000000, 0x0000000707000000|100%| O|  |TAMS 0x0000000706e00000| PB 0x0000000706e00000| Untracked 
|   9|0x0000000707000000, 0x0000000707200000, 0x0000000707200000|100%| O|  |TAMS 0x0000000707000000| PB 0x0000000707000000| Untracked 
|  10|0x0000000707200000, 0x0000000707400000, 0x0000000707400000|100%| O|  |TAMS 0x0000000707200000| PB 0x0000000707200000| Untracked 
|  11|0x0000000707400000, 0x0000000707600000, 0x0000000707600000|100%| O|  |TAMS 0x0000000707400000| PB 0x0000000707400000| Untracked 
|  12|0x0000000707600000, 0x0000000707800000, 0x0000000707800000|100%| O|  |TAMS 0x0000000707600000| PB 0x0000000707600000| Untracked 
|  13|0x0000000707800000, 0x0000000707a00000, 0x0000000707a00000|100%| O|  |TAMS 0x0000000707800000| PB 0x0000000707800000| Untracked 
|  14|0x0000000707a00000, 0x0000000707c00000, 0x0000000707c00000|100%| O|  |TAMS 0x0000000707a00000| PB 0x0000000707a00000| Untracked 
|  15|0x0000000707c00000, 0x0000000707e00000, 0x0000000707e00000|100%| O|  |TAMS 0x0000000707c00000| PB 0x0000000707c00000| Untracked 
|  16|0x0000000707e00000, 0x0000000708000000, 0x0000000708000000|100%| O|  |TAMS 0x0000000707e00000| PB 0x0000000707e00000| Untracked 
|  17|0x0000000708000000, 0x0000000708200000, 0x0000000708200000|100%| O|  |TAMS 0x0000000708000000| PB 0x0000000708000000| Untracked 
|  18|0x0000000708200000, 0x0000000708400000, 0x0000000708400000|100%| O|  |TAMS 0x0000000708200000| PB 0x0000000708200000| Untracked 
|  19|0x0000000708400000, 0x0000000708600000, 0x0000000708600000|100%| O|  |TAMS 0x0000000708400000| PB 0x0000000708400000| Untracked 
|  20|0x0000000708600000, 0x0000000708800000, 0x0000000708800000|100%| O|  |TAMS 0x0000000708600000| PB 0x0000000708600000| Untracked 
|  21|0x0000000708800000, 0x0000000708a00000, 0x0000000708a00000|100%| O|  |TAMS 0x0000000708800000| PB 0x0000000708800000| Untracked 
|  22|0x0000000708a00000, 0x0000000708c00000, 0x0000000708c00000|100%| O|  |TAMS 0x0000000708a00000| PB 0x0000000708a00000| Untracked 
|  23|0x0000000708c00000, 0x0000000708e00000, 0x0000000708e00000|100%| O|  |TAMS 0x0000000708c00000| PB 0x0000000708c00000| Untracked 
|  24|0x0000000708e00000, 0x0000000709000000, 0x0000000709000000|100%| O|  |TAMS 0x0000000708e00000| PB 0x0000000708e00000| Untracked 
|  25|0x0000000709000000, 0x0000000709200000, 0x0000000709200000|100%| O|  |TAMS 0x0000000709000000| PB 0x0000000709000000| Untracked 
|  26|0x0000000709200000, 0x0000000709400000, 0x0000000709400000|100%| O|  |TAMS 0x0000000709200000| PB 0x0000000709200000| Untracked 
|  27|0x0000000709400000, 0x0000000709600000, 0x0000000709600000|100%| O|  |TAMS 0x0000000709400000| PB 0x0000000709400000| Untracked 
|  28|0x0000000709600000, 0x0000000709800000, 0x0000000709800000|100%| O|  |TAMS 0x0000000709600000| PB 0x0000000709600000| Untracked 
|  29|0x0000000709800000, 0x0000000709a00000, 0x0000000709a00000|100%| O|  |TAMS 0x0000000709800000| PB 0x0000000709800000| Untracked 
|  30|0x0000000709a00000, 0x0000000709c00000, 0x0000000709c00000|100%| O|  |TAMS 0x0000000709a00000| PB 0x0000000709a00000| Untracked 
|  31|0x0000000709c00000, 0x0000000709e00000, 0x0000000709e00000|100%| O|  |TAMS 0x0000000709c00000| PB 0x0000000709c00000| Untracked 
|  32|0x0000000709e00000, 0x000000070a000000, 0x000000070a000000|100%| O|  |TAMS 0x0000000709e00000| PB 0x0000000709e00000| Untracked 
|  33|0x000000070a000000, 0x000000070a0ea158, 0x000000070a200000| 45%| O|  |TAMS 0x000000070a000000| PB 0x000000070a000000| Untracked 
|  34|0x000000070a200000, 0x000000070a200000, 0x000000070a400000|  0%| F|  |TAMS 0x000000070a200000| PB 0x000000070a200000| Untracked 
|  35|0x000000070a400000, 0x000000070a400000, 0x000000070a600000|  0%| F|  |TAMS 0x000000070a400000| PB 0x000000070a400000| Untracked 
|  36|0x000000070a600000, 0x000000070a600000, 0x000000070a800000|  0%| F|  |TAMS 0x000000070a600000| PB 0x000000070a600000| Untracked 
|  37|0x000000070a800000, 0x000000070a800000, 0x000000070aa00000|  0%| F|  |TAMS 0x000000070a800000| PB 0x000000070a800000| Untracked 
|  38|0x000000070aa00000, 0x000000070aa00000, 0x000000070ac00000|  0%| F|  |TAMS 0x000000070aa00000| PB 0x000000070aa00000| Untracked 
|  39|0x000000070ac00000, 0x000000070ac00000, 0x000000070ae00000|  0%| F|  |TAMS 0x000000070ac00000| PB 0x000000070ac00000| Untracked 
|  40|0x000000070ae00000, 0x000000070ae00000, 0x000000070b000000|  0%| F|  |TAMS 0x000000070ae00000| PB 0x000000070ae00000| Untracked 
|  41|0x000000070b000000, 0x000000070b000000, 0x000000070b200000|  0%| F|  |TAMS 0x000000070b000000| PB 0x000000070b000000| Untracked 
|  42|0x000000070b200000, 0x000000070b200000, 0x000000070b400000|  0%| F|  |TAMS 0x000000070b200000| PB 0x000000070b200000| Untracked 
|  43|0x000000070b400000, 0x000000070b400000, 0x000000070b600000|  0%| F|  |TAMS 0x000000070b400000| PB 0x000000070b400000| Untracked 
|  44|0x000000070b600000, 0x000000070b600000, 0x000000070b800000|  0%| F|  |TAMS 0x000000070b600000| PB 0x000000070b600000| Untracked 
|  45|0x000000070b800000, 0x000000070ba00000, 0x000000070ba00000|100%| S|CS|TAMS 0x000000070b800000| PB 0x000000070b800000| Complete 
|  46|0x000000070ba00000, 0x000000070bc00000, 0x000000070bc00000|100%| S|CS|TAMS 0x000000070ba00000| PB 0x000000070ba00000| Complete 
|  47|0x000000070bc00000, 0x000000070bc00000, 0x000000070be00000|  0%| F|  |TAMS 0x000000070bc00000| PB 0x000000070bc00000| Untracked 
|  48|0x000000070be00000, 0x000000070be00000, 0x000000070c000000|  0%| F|  |TAMS 0x000000070be00000| PB 0x000000070be00000| Untracked 
|  49|0x000000070c000000, 0x000000070c200000, 0x000000070c200000|100%| S|CS|TAMS 0x000000070c000000| PB 0x000000070c000000| Complete 
|  50|0x000000070c200000, 0x000000070c400000, 0x000000070c400000|100%| S|CS|TAMS 0x000000070c200000| PB 0x000000070c200000| Complete 
|  51|0x000000070c400000, 0x000000070c400000, 0x000000070c600000|  0%| F|  |TAMS 0x000000070c400000| PB 0x000000070c400000| Untracked 
|  52|0x000000070c600000, 0x000000070c600000, 0x000000070c800000|  0%| F|  |TAMS 0x000000070c600000| PB 0x000000070c600000| Untracked 
|  53|0x000000070c800000, 0x000000070c800000, 0x000000070ca00000|  0%| F|  |TAMS 0x000000070c800000| PB 0x000000070c800000| Untracked 
|  54|0x000000070ca00000, 0x000000070ca00000, 0x000000070cc00000|  0%| F|  |TAMS 0x000000070ca00000| PB 0x000000070ca00000| Untracked 
|  55|0x000000070cc00000, 0x000000070cc00000, 0x000000070ce00000|  0%| F|  |TAMS 0x000000070cc00000| PB 0x000000070cc00000| Untracked 
|  56|0x000000070ce00000, 0x000000070ce00000, 0x000000070d000000|  0%| F|  |TAMS 0x000000070ce00000| PB 0x000000070ce00000| Untracked 
|  57|0x000000070d000000, 0x000000070d000000, 0x000000070d200000|  0%| F|  |TAMS 0x000000070d000000| PB 0x000000070d000000| Untracked 
|  58|0x000000070d200000, 0x000000070d200000, 0x000000070d400000|  0%| F|  |TAMS 0x000000070d200000| PB 0x000000070d200000| Untracked 
|  59|0x000000070d400000, 0x000000070d400000, 0x000000070d600000|  0%| F|  |TAMS 0x000000070d400000| PB 0x000000070d400000| Untracked 
|  60|0x000000070d600000, 0x000000070d600000, 0x000000070d800000|  0%| F|  |TAMS 0x000000070d600000| PB 0x000000070d600000| Untracked 
|  61|0x000000070d800000, 0x000000070d800000, 0x000000070da00000|  0%| F|  |TAMS 0x000000070d800000| PB 0x000000070d800000| Untracked 
|  62|0x000000070da00000, 0x000000070da00000, 0x000000070dc00000|  0%| F|  |TAMS 0x000000070da00000| PB 0x000000070da00000| Untracked 
|  63|0x000000070dc00000, 0x000000070dc00000, 0x000000070de00000|  0%| F|  |TAMS 0x000000070dc00000| PB 0x000000070dc00000| Untracked 
|  64|0x000000070de00000, 0x000000070de00000, 0x000000070e000000|  0%| F|  |TAMS 0x000000070de00000| PB 0x000000070de00000| Untracked 
|  65|0x000000070e000000, 0x000000070e000000, 0x000000070e200000|  0%| F|  |TAMS 0x000000070e000000| PB 0x000000070e000000| Untracked 
|  66|0x000000070e200000, 0x000000070e200000, 0x000000070e400000|  0%| F|  |TAMS 0x000000070e200000| PB 0x000000070e200000| Untracked 
|  67|0x000000070e400000, 0x000000070e400000, 0x000000070e600000|  0%| F|  |TAMS 0x000000070e400000| PB 0x000000070e400000| Untracked 
|  68|0x000000070e600000, 0x000000070e600000, 0x000000070e800000|  0%| F|  |TAMS 0x000000070e600000| PB 0x000000070e600000| Untracked 
|  69|0x000000070e800000, 0x000000070e800000, 0x000000070ea00000|  0%| F|  |TAMS 0x000000070e800000| PB 0x000000070e800000| Untracked 
|  70|0x000000070ea00000, 0x000000070ea00000, 0x000000070ec00000|  0%| F|  |TAMS 0x000000070ea00000| PB 0x000000070ea00000| Untracked 
| 108|0x0000000713600000, 0x0000000713600000, 0x0000000713800000|  0%| F|  |TAMS 0x0000000713600000| PB 0x0000000713600000| Untracked 
| 109|0x0000000713800000, 0x0000000713800000, 0x0000000713a00000|  0%| F|  |TAMS 0x0000000713800000| PB 0x0000000713800000| Untracked 
| 110|0x0000000713a00000, 0x0000000713a00000, 0x0000000713c00000|  0%| F|  |TAMS 0x0000000713a00000| PB 0x0000000713a00000| Untracked 
| 125|0x0000000715800000, 0x0000000715800000, 0x0000000715a00000|  0%| F|  |TAMS 0x0000000715800000| PB 0x0000000715800000| Untracked 

Card table byte_map: [0x000001fcda3e0000,0x000001fcdabc0000] _byte_map_base: 0x000001fcd6bb1000

Marking Bits: (CMBitMap*) 0x000001fcc705dcf0
 Bits: [0x000001fcdabc0000, 0x000001fcdea48000)

Polling page: 0x000001fcc4f90000

Metaspace:

Usage:
  Non-class:     52.01 MB used.
      Class:      6.43 MB used.
       Both:     58.44 MB used.

Virtual space:
  Non-class space:       64.00 MB reserved,      52.19 MB ( 82%) committed,  1 nodes.
      Class space:        1.00 GB reserved,       6.56 MB ( <1%) committed,  1 nodes.
             Both:        1.06 GB reserved,      58.75 MB (  5%) committed. 

Chunk freelists:
   Non-Class:  11.14 MB
       Class:  9.39 MB
        Both:  20.53 MB

MaxMetaspaceSize: unlimited
CompressedClassSpaceSize: 1.00 GB
Initial GC threshold: 21.00 MB
Current GC threshold: 58.75 MB
CDS: off
 - commit_granule_bytes: 65536.
 - commit_granule_words: 8192.
 - virtual_space_node_default_size: 8388608.
 - enlarge_chunks_in_place: 1.
 - use_allocation_guard: 0.


Internal statistics:

num_allocs_failed_limit: 6.
num_arena_births: 312.
num_arena_deaths: 0.
num_vsnodes_births: 2.
num_vsnodes_deaths: 0.
num_space_committed: 939.
num_space_uncommitted: 0.
num_chunks_returned_to_freelist: 6.
num_chunks_taken_from_freelist: 2147.
num_chunk_merges: 6.
num_chunk_splits: 1748.
num_chunks_enlarged: 1582.
num_inconsistent_stats: 0.

CodeHeap 'non-profiled nmethods': size=119168Kb used=4533Kb max_used=4533Kb free=114634Kb
 bounds [0x000001fcd1cf0000, 0x000001fcd2160000, 0x000001fcd9150000]
CodeHeap 'profiled nmethods': size=119104Kb used=24092Kb max_used=24092Kb free=95011Kb
 bounds [0x000001fcca150000, 0x000001fccb8e0000, 0x000001fcd15a0000]
CodeHeap 'non-nmethods': size=7488Kb used=3327Kb max_used=3407Kb free=4160Kb
 bounds [0x000001fcd15a0000, 0x000001fcd1900000, 0x000001fcd1cf0000]
 total_blobs=8294 nmethods=7607 adapters=587
 compilation: enabled
              stopped_count=0, restarted_count=0
 full_count=0

Compilation events (20 events):
Event: 2.707 Thread 0x000001fce61e5ad0 7715       3       org.jetbrains.kotlin.diagnostics.KtDiagnosticFactory0::<init> (52 bytes)
Event: 2.707 Thread 0x000001fce60f0390 7716       3       org.jetbrains.kotlin.diagnostics.SimpleKtDiagnosticRenderer::<init> (16 bytes)
Event: 2.707 Thread 0x000001fce671a0f0 7717       3       org.jetbrains.kotlin.diagnostics.SourceElementPositioningStrategies::getDEFAULT (4 bytes)
Event: 2.707 Thread 0x000001fce671a0f0 nmethod 7717 0x000001fccb8cd890 code [0x000001fccb8cda20, 0x000001fccb8cdb38]
Event: 2.707 Thread 0x000001fce60f0390 nmethod 7716 0x000001fccb8cdc10 code [0x000001fccb8cde40, 0x000001fccb8ce4a8]
Event: 2.707 Thread 0x000001fce61e5ad0 nmethod 7715 0x000001fccb8ce710 code [0x000001fccb8ceac0, 0x000001fccb8d00b0]
Event: 2.709 Thread 0x000001fce60f0390 7718       3       org.jetbrains.kotlin.diagnostics.AbstractKtDiagnosticWithParametersRenderer::<init> (6 bytes)
Event: 2.709 Thread 0x000001fce671a0f0 7719       3       org.jetbrains.kotlin.diagnostics.AbstractKtDiagnosticWithParametersRenderer::<init> (25 bytes)
Event: 2.709 Thread 0x000001fce61e5ad0 7720       3       java.text.MessageFormat::<init> (56 bytes)
Event: 2.709 Thread 0x000001fce661ce80 7721       3       java.text.Format::<init> (5 bytes)
Event: 2.709 Thread 0x000001fce661ce80 nmethod 7721 0x000001fccb8d0890 code [0x000001fccb8d0a40, 0x000001fccb8d0ba8]
Event: 2.709 Thread 0x000001fce671a0f0 nmethod 7719 0x000001fccb8d0c90 code [0x000001fccb8d0e40, 0x000001fccb8d1118]
Event: 2.709 Thread 0x000001fce661ce80 7723       3       java.text.MessageFormat::applyPattern (422 bytes)
Event: 2.709 Thread 0x000001fce671a0f0 7722       3       java.util.Locale::getDefault (63 bytes)
Event: 2.709 Thread 0x000001fce60f0390 nmethod 7718 0x000001fccb8d1210 code [0x000001fccb8d13e0, 0x000001fccb8d1718]
Event: 2.709 Thread 0x000001fce61e5ad0 nmethod 7720 0x000001fccb8d1890 code [0x000001fccb8d1a80, 0x000001fccb8d20b8]
Event: 2.709 Thread 0x000001fce671a0f0 nmethod 7722 0x000001fccb8d2210 code [0x000001fccb8d2440, 0x000001fccb8d2c18]
Event: 2.710 Thread 0x000001fce661ce80 nmethod 7723 0x000001fccb8d2e10 code [0x000001fccb8d32c0, 0x000001fccb8d5f48]
Event: 2.715 Thread 0x000001fce661ce80 7724       3       java.lang.invoke.BoundMethodHandle$Species_L::make (11 bytes)
Event: 2.716 Thread 0x000001fce661ce80 nmethod 7724 0x000001fccb8d6e10 code [0x000001fccb8d6fc0, 0x000001fccb8d7220]

GC Heap History (20 events):
Event: 0.228 GC heap after
{Heap after GC invocations=1 (full 0):
 garbage-first heap   total 258048K, used 7033K [0x0000000705e00000, 0x0000000800000000)
  region size 2048K, 2 young (4096K), 2 survivors (4096K)
 Metaspace       used 13340K, committed 13504K, reserved 1114112K
  class space    used 1236K, committed 1280K, reserved 1048576K
}
Event: 0.373 GC heap before
{Heap before GC invocations=1 (full 0):
 garbage-first heap   total 258048K, used 29561K [0x0000000705e00000, 0x0000000800000000)
  region size 2048K, 15 young (30720K), 2 survivors (4096K)
 Metaspace       used 21314K, committed 21504K, reserved 1114112K
  class space    used 2164K, committed 2240K, reserved 1048576K
}
Event: 0.376 GC heap after
{Heap after GC invocations=2 (full 0):
 garbage-first heap   total 258048K, used 8678K [0x0000000705e00000, 0x0000000800000000)
  region size 2048K, 3 young (6144K), 3 survivors (6144K)
 Metaspace       used 21314K, committed 21504K, reserved 1114112K
  class space    used 2164K, committed 2240K, reserved 1048576K
}
Event: 0.513 GC heap before
{Heap before GC invocations=3 (full 0):
 garbage-first heap   total 34816K, used 31206K [0x0000000705e00000, 0x0000000800000000)
  region size 2048K, 15 young (30720K), 3 survivors (6144K)
 Metaspace       used 25238K, committed 25472K, reserved 1114112K
  class space    used 2653K, committed 2752K, reserved 1048576K
}
Event: 0.518 GC heap after
{Heap after GC invocations=4 (full 0):
 garbage-first heap   total 47104K, used 15803K [0x0000000705e00000, 0x0000000800000000)
  region size 2048K, 6 young (12288K), 6 survivors (12288K)
 Metaspace       used 25238K, committed 25472K, reserved 1114112K
  class space    used 2653K, committed 2752K, reserved 1048576K
}
Event: 0.593 GC heap before
{Heap before GC invocations=4 (full 0):
 garbage-first heap   total 47104K, used 30139K [0x0000000705e00000, 0x0000000800000000)
  region size 2048K, 13 young (26624K), 6 survivors (12288K)
 Metaspace       used 27685K, committed 27904K, reserved 1114112K
  class space    used 2940K, committed 3072K, reserved 1048576K
}
Event: 0.598 GC heap after
{Heap after GC invocations=5 (full 0):
 garbage-first heap   total 47104K, used 17416K [0x0000000705e00000, 0x0000000800000000)
  region size 2048K, 1 young (2048K), 1 survivors (2048K)
 Metaspace       used 27685K, committed 27904K, reserved 1114112K
  class space    used 2940K, committed 3072K, reserved 1048576K
}
Event: 0.728 GC heap before
{Heap before GC invocations=5 (full 0):
 garbage-first heap   total 47104K, used 33800K [0x0000000705e00000, 0x0000000800000000)
  region size 2048K, 9 young (18432K), 1 survivors (2048K)
 Metaspace       used 32871K, committed 33088K, reserved 1114112K
  class space    used 3984K, committed 4096K, reserved 1048576K
}
Event: 0.731 GC heap after
{Heap after GC invocations=6 (full 0):
 garbage-first heap   total 47104K, used 18433K [0x0000000705e00000, 0x0000000800000000)
  region size 2048K, 2 young (4096K), 2 survivors (4096K)
 Metaspace       used 32871K, committed 33088K, reserved 1114112K
  class space    used 3984K, committed 4096K, reserved 1048576K
}
Event: 0.810 GC heap before
{Heap before GC invocations=6 (full 0):
 garbage-first heap   total 47104K, used 30721K [0x0000000705e00000, 0x0000000800000000)
  region size 2048K, 9 young (18432K), 2 survivors (4096K)
 Metaspace       used 35811K, committed 35968K, reserved 1114112K
  class space    used 4280K, committed 4352K, reserved 1048576K
}
Event: 0.813 GC heap after
{Heap after GC invocations=7 (full 0):
 garbage-first heap   total 47104K, used 19768K [0x0000000705e00000, 0x0000000800000000)
  region size 2048K, 2 young (4096K), 2 survivors (4096K)
 Metaspace       used 35811K, committed 35968K, reserved 1114112K
  class space    used 4280K, committed 4352K, reserved 1048576K
}
Event: 0.918 GC heap before
{Heap before GC invocations=8 (full 0):
 garbage-first heap   total 47104K, used 34104K [0x0000000705e00000, 0x0000000800000000)
  region size 2048K, 10 young (20480K), 2 survivors (4096K)
 Metaspace       used 40018K, committed 40320K, reserved 1114112K
  class space    used 4686K, committed 4800K, reserved 1048576K
}
Event: 0.921 GC heap after
{Heap after GC invocations=9 (full 0):
 garbage-first heap   total 153600K, used 20375K [0x0000000705e00000, 0x0000000800000000)
  region size 2048K, 1 young (2048K), 1 survivors (2048K)
 Metaspace       used 40018K, committed 40320K, reserved 1114112K
  class space    used 4686K, committed 4800K, reserved 1048576K
}
Event: 1.483 GC heap before
{Heap before GC invocations=9 (full 0):
 garbage-first heap   total 153600K, used 108439K [0x0000000705e00000, 0x0000000800000000)
  region size 2048K, 45 young (92160K), 1 survivors (2048K)
 Metaspace       used 50047K, committed 50432K, reserved 1114112K
  class space    used 5660K, committed 5824K, reserved 1048576K
}
Event: 1.498 GC heap after
{Heap after GC invocations=10 (full 0):
 garbage-first heap   total 153600K, used 40654K [0x0000000705e00000, 0x0000000800000000)
  region size 2048K, 6 young (12288K), 6 survivors (12288K)
 Metaspace       used 50047K, committed 50432K, reserved 1114112K
  class space    used 5660K, committed 5824K, reserved 1048576K
}
Event: 2.023 GC heap before
{Heap before GC invocations=10 (full 0):
 garbage-first heap   total 153600K, used 97998K [0x0000000705e00000, 0x0000000800000000)
  region size 2048K, 34 young (69632K), 6 survivors (12288K)
 Metaspace       used 55562K, committed 55872K, reserved 1114112K
  class space    used 6274K, committed 6400K, reserved 1048576K
}
Event: 2.036 GC heap after
{Heap after GC invocations=11 (full 0):
 garbage-first heap   total 153600K, used 52918K [0x0000000705e00000, 0x0000000800000000)
  region size 2048K, 5 young (10240K), 5 survivors (10240K)
 Metaspace       used 55562K, committed 55872K, reserved 1114112K
  class space    used 6274K, committed 6400K, reserved 1048576K
}
Event: 2.259 GC heap before
{Heap before GC invocations=11 (full 0):
 garbage-first heap   total 153600K, used 106166K [0x0000000705e00000, 0x0000000800000000)
  region size 2048K, 31 young (63488K), 5 survivors (10240K)
 Metaspace       used 56260K, committed 56576K, reserved 1114112K
  class space    used 6311K, committed 6464K, reserved 1048576K
}
Event: 2.272 GC heap after
{Heap after GC invocations=12 (full 0):
 garbage-first heap   total 153600K, used 67584K [0x0000000705e00000, 0x0000000800000000)
  region size 2048K, 4 young (8192K), 4 survivors (8192K)
 Metaspace       used 56260K, committed 56576K, reserved 1114112K
  class space    used 6311K, committed 6464K, reserved 1048576K
}
Event: 2.716 GC heap before
{Heap before GC invocations=12 (full 0):
 garbage-first heap   total 153600K, used 116736K [0x0000000705e00000, 0x0000000800000000)
  region size 2048K, 28 young (57344K), 4 survivors (8192K)
 Metaspace       used 59844K, committed 60160K, reserved 1114112K
  class space    used 6585K, committed 6720K, reserved 1048576K
}

Dll operation events (3 events):
Event: 0.003 Loaded shared library D:\Android\Android Studio\jbr\bin\java.dll
Event: 0.006 Loaded shared library D:\Android\Android Studio\jbr\bin\zip.dll
Event: 0.453 Loaded shared library D:\Android\Android Studio\jbr\bin\verify.dll

Deoptimization events (20 events):
Event: 2.605 Thread 0x000001fcc4bcf560 Uncommon trap: trap_request=0xffffffde fr.pc=0x000001fcd2129e44 relative=0x00000000000009e4
Event: 2.605 Thread 0x000001fcc4bcf560 Uncommon trap: reason=class_check action=maybe_recompile pc=0x000001fcd2129e44 method=org.jetbrains.kotlin.fir.types.ConeTypeContext.asFlexibleType(Lorg/jetbrains/kotlin/types/model/KotlinTypeMarker;)Lorg/jetbrains/kotlin/types/model/FlexibleTypeMarker; @
Event: 2.605 Thread 0x000001fcc4bcf560 DEOPT PACKING pc=0x000001fcd2129e44 sp=0x00000099ba9f8e20
Event: 2.605 Thread 0x000001fcc4bcf560 DEOPT UNPACKING pc=0x000001fcd15f46a2 sp=0x00000099ba9f8d78 mode 2
Event: 2.605 Thread 0x000001fcc4bcf560 Uncommon trap: trap_request=0xffffffde fr.pc=0x000001fcd2129e44 relative=0x00000000000009e4
Event: 2.605 Thread 0x000001fcc4bcf560 Uncommon trap: reason=class_check action=maybe_recompile pc=0x000001fcd2129e44 method=org.jetbrains.kotlin.fir.types.ConeTypeContext.asFlexibleType(Lorg/jetbrains/kotlin/types/model/KotlinTypeMarker;)Lorg/jetbrains/kotlin/types/model/FlexibleTypeMarker; @
Event: 2.605 Thread 0x000001fcc4bcf560 DEOPT PACKING pc=0x000001fcd2129e44 sp=0x00000099ba9f9060
Event: 2.605 Thread 0x000001fcc4bcf560 DEOPT UNPACKING pc=0x000001fcd15f46a2 sp=0x00000099ba9f8fb8 mode 2
Event: 2.605 Thread 0x000001fcc4bcf560 Uncommon trap: trap_request=0xffffffde fr.pc=0x000001fcd2109018 relative=0x0000000000000078
Event: 2.605 Thread 0x000001fcc4bcf560 Uncommon trap: reason=class_check action=maybe_recompile pc=0x000001fcd2109018 method=org.jetbrains.kotlin.fir.types.ConeTypeUtilsKt.lowerBoundIfFlexible(Lorg/jetbrains/kotlin/fir/types/ConeKotlinType;)Lorg/jetbrains/kotlin/fir/types/ConeSimpleKotlinType;
Event: 2.605 Thread 0x000001fcc4bcf560 DEOPT PACKING pc=0x000001fcd2109018 sp=0x00000099ba9f9030
Event: 2.605 Thread 0x000001fcc4bcf560 DEOPT UNPACKING pc=0x000001fcd15f46a2 sp=0x00000099ba9f8fc0 mode 2
Event: 2.605 Thread 0x000001fcc4bcf560 Uncommon trap: trap_request=0xffffffde fr.pc=0x000001fcd2054db0 relative=0x0000000000000090
Event: 2.605 Thread 0x000001fcc4bcf560 Uncommon trap: reason=class_check action=maybe_recompile pc=0x000001fcd2054db0 method=org.jetbrains.kotlin.fir.types.ConeTypeContext.asFlexibleType(Lorg/jetbrains/kotlin/types/model/KotlinTypeMarker;)Lorg/jetbrains/kotlin/types/model/FlexibleTypeMarker; @
Event: 2.605 Thread 0x000001fcc4bcf560 DEOPT PACKING pc=0x000001fcd2054db0 sp=0x00000099ba9f99d0
Event: 2.605 Thread 0x000001fcc4bcf560 DEOPT UNPACKING pc=0x000001fcd15f46a2 sp=0x00000099ba9f9960 mode 2
Event: 2.605 Thread 0x000001fcc4bcf560 Uncommon trap: trap_request=0xffffffde fr.pc=0x000001fcd2109018 relative=0x0000000000000078
Event: 2.605 Thread 0x000001fcc4bcf560 Uncommon trap: reason=class_check action=maybe_recompile pc=0x000001fcd2109018 method=org.jetbrains.kotlin.fir.types.ConeTypeUtilsKt.lowerBoundIfFlexible(Lorg/jetbrains/kotlin/fir/types/ConeKotlinType;)Lorg/jetbrains/kotlin/fir/types/ConeSimpleKotlinType;
Event: 2.605 Thread 0x000001fcc4bcf560 DEOPT PACKING pc=0x000001fcd2109018 sp=0x00000099ba9fb3c0
Event: 2.605 Thread 0x000001fcc4bcf560 DEOPT UNPACKING pc=0x000001fcd15f46a2 sp=0x00000099ba9fb350 mode 2

Classes loaded (20 events):
Event: 1.726 Loading class java/util/AbstractList$SubList$1
Event: 1.726 Loading class java/util/AbstractList$SubList$1 done
Event: 1.852 Loading class java/util/RegularEnumSet$EnumSetIterator
Event: 1.852 Loading class java/util/RegularEnumSet$EnumSetIterator done
Event: 2.113 Loading class java/lang/Byte$ByteCache
Event: 2.113 Loading class java/lang/Byte$ByteCache done
Event: 2.387 Loading class java/util/EnumMap$EntrySet
Event: 2.387 Loading class java/util/EnumMap$EntrySet done
Event: 2.387 Loading class java/util/EnumMap$EntryIterator
Event: 2.387 Loading class java/util/EnumMap$EnumMapIterator
Event: 2.387 Loading class java/util/EnumMap$EnumMapIterator done
Event: 2.387 Loading class java/util/EnumMap$EntryIterator done
Event: 2.387 Loading class java/util/EnumMap$EntryIterator$Entry
Event: 2.387 Loading class java/util/EnumMap$EntryIterator$Entry done
Event: 2.701 Loading class java/text/MessageFormat
Event: 2.702 Loading class java/text/Format
Event: 2.702 Loading class java/text/Format done
Event: 2.702 Loading class java/text/MessageFormat done
Event: 2.702 Loading class java/util/Locale$Category
Event: 2.702 Loading class java/util/Locale$Category done

Classes unloaded (0 events):
No events

Classes redefined (0 events):
No events

Internal exceptions (20 events):
Event: 0.887 Thread 0x000001fcc4bcf560 Exception <a 'java/lang/NoSuchMethodError'{0x00000007081fc560}: 'java.lang.Object java.lang.invoke.DirectMethodHandle$Holder.newInvokeSpecial(java.lang.Object, java.lang.Object, int)'> (0x00000007081fc560) 
thrown [s\src\hotspot\share\interpreter\linkResolver.cpp, line 784]
Event: 0.943 Thread 0x000001fcc4bcf560 Exception <a 'java/lang/NoSuchMethodError'{0x0000000713b2da28}: 'int java.lang.invoke.DirectMethodHandle$Holder.invokeStaticInit(java.lang.Object, int)'> (0x0000000713b2da28) 
thrown [s\src\hotspot\share\interpreter\linkResolver.cpp, line 784]
Event: 1.117 Thread 0x000001fcc4bcf560 Exception <a 'java/lang/NoSuchMethodError'{0x000000070dd99dc0}: 'java.lang.Object java.lang.invoke.DirectMethodHandle$Holder.newInvokeSpecial(java.lang.Object, java.lang.Object, java.lang.Object, int, java.lang.Object)'> (0x000000070dd99dc0) 
thrown [s\src\hotspot\share\interpreter\linkResolver.cpp, line 784]
Event: 1.273 Thread 0x000001fcc4bcf560 Implicit null exception at 0x000001fcd1e324a7 to 0x000001fcd1e326f0
Event: 1.699 Thread 0x000001fcc4bcf560 Exception <a 'java/lang/NoSuchMethodError'{0x000000070dc4b690}: 'java.lang.Object java.lang.invoke.DirectMethodHandle$Holder.invokeSpecial(java.lang.Object, java.lang.Object, int, java.lang.Object, java.lang.Object)'> (0x000000070dc4b690) 
thrown [s\src\hotspot\share\interpreter\linkResolver.cpp, line 784]
Event: 1.701 Thread 0x000001fcc4bcf560 Exception <a 'java/lang/NoSuchMethodError'{0x000000070dc6cf30}: 'java.lang.Object java.lang.invoke.DirectMethodHandle$Holder.newInvokeSpecial(java.lang.Object, java.lang.Object, java.lang.Object, java.lang.Object, int)'> (0x000000070dc6cf30) 
thrown [s\src\hotspot\share\interpreter\linkResolver.cpp, line 784]
Event: 1.701 Thread 0x000001fcc4bcf560 Exception <a 'java/lang/NoSuchMethodError'{0x000000070dc718d8}: 'java.lang.Object java.lang.invoke.DirectMethodHandle$Holder.invokeSpecial(java.lang.Object, java.lang.Object, java.lang.Object, java.lang.Object, java.lang.Object, int)'> (0x000000070dc718d8) 
thrown [s\src\hotspot\share\interpreter\linkResolver.cpp, line 784]
Event: 1.701 Thread 0x000001fcc4bcf560 Exception <a 'java/lang/NoSuchMethodError'{0x000000070dc75b78}: 'java.lang.Object java.lang.invoke.Invokers$Holder.linkToTargetMethod(java.lang.Object, java.lang.Object, java.lang.Object, int, java.lang.Object)'> (0x000000070dc75b78) 
thrown [s\src\hotspot\share\interpreter\linkResolver.cpp, line 784]
Event: 1.719 Thread 0x000001fcc4bcf560 Exception <a 'java/lang/NoSuchMethodError'{0x000000070dde0cc0}: 'java.lang.Object java.lang.invoke.DirectMethodHandle$Holder.newInvokeSpecial(java.lang.Object, int, java.lang.Object)'> (0x000000070dde0cc0) 
thrown [s\src\hotspot\share\interpreter\linkResolver.cpp, line 784]
Event: 1.784 Thread 0x000001fcc4bcf560 Exception <a 'java/lang/NoSuchMethodError'{0x000000070d65b858}: 'java.lang.Object java.lang.invoke.DirectMethodHandle$Holder.newInvokeSpecial(java.lang.Object, java.lang.Object, java.lang.Object, java.lang.Object, java.lang.Object, java.lang.Object, java.lang.Object, java.lang.Object, java.lang.Object)'> (0x000000070d65b858) 
thrown [s\src\hotspot\share\interpreter\linkResolver.cpp, line 784]
Event: 1.787 Thread 0x000001fcc4bcf560 Exception <a 'java/lang/NoSuchMethodError'{0x000000070d6924a8}: 'java.lang.Object java.lang.invoke.DirectMethodHandle$Holder.newInvokeSpecial(java.lang.Object, java.lang.Object, java.lang.Object, java.lang.Object, int, java.lang.Object, java.lang.Object)'> (0x000000070d6924a8) 
thrown [s\src\hotspot\share\interpreter\linkResolver.cpp, line 784]
Event: 1.787 Thread 0x000001fcc4bcf560 Exception <a 'java/lang/NoSuchMethodError'{0x000000070d69a688}: 'java.lang.Object java.lang.invoke.Invokers$Holder.linkToTargetMethod(java.lang.Object, java.lang.Object, java.lang.Object, int, java.lang.Object, java.lang.Object, java.lang.Object)'> (0x000000070d69a688) 
thrown [s\src\hotspot\share\interpreter\linkResolver.cpp, line 784]
Event: 1.812 Thread 0x000001fcc4bcf560 Exception <a 'java/lang/NoSuchMethodError'{0x000000070d4c1728}: 'java.lang.Object java.lang.invoke.DirectMethodHandle$Holder.newInvokeSpecial(java.lang.Object, java.lang.Object, java.lang.Object, int)'> (0x000000070d4c1728) 
thrown [s\src\hotspot\share\interpreter\linkResolver.cpp, line 784]
Event: 1.813 Thread 0x000001fcc4bcf560 Exception <a 'java/lang/NoSuchMethodError'{0x000000070d4c5588}: 'java.lang.Object java.lang.invoke.DirectMethodHandle$Holder.invokeSpecial(java.lang.Object, java.lang.Object, java.lang.Object, java.lang.Object, int)'> (0x000000070d4c5588) 
thrown [s\src\hotspot\share\interpreter\linkResolver.cpp, line 784]
Event: 1.813 Thread 0x000001fcc4bcf560 Exception <a 'java/lang/NoSuchMethodError'{0x000000070d4c8cd0}: 'java.lang.Object java.lang.invoke.Invokers$Holder.linkToTargetMethod(java.lang.Object, java.lang.Object, int, java.lang.Object)'> (0x000000070d4c8cd0) 
thrown [s\src\hotspot\share\interpreter\linkResolver.cpp, line 784]
Event: 1.833 Thread 0x000001fcc4bcf560 Exception <a 'java/lang/NoSuchMethodError'{0x000000070d5e16e8}: 'java.lang.Object java.lang.invoke.DirectMethodHandle$Holder.invokeStatic(java.lang.Object, java.lang.Object, java.lang.Object, int, java.lang.Object, java.lang.Object)'> (0x000000070d5e16e8) 
thrown [s\src\hotspot\share\interpreter\linkResolver.cpp, line 784]
Event: 1.977 Thread 0x000001fcc4bcf560 Exception <a 'java/lang/NoSuchMethodError'{0x000000070c0181e0}: 'java.lang.Object java.lang.invoke.DirectMethodHandle$Holder.invokeStatic(java.lang.Object, int, java.lang.Object, java.lang.Object)'> (0x000000070c0181e0) 
thrown [s\src\hotspot\share\interpreter\linkResolver.cpp, line 784]
Event: 2.380 Thread 0x000001fcc4bcf560 Exception <a 'java/lang/NoSuchMethodError'{0x000000070e9ef078}: 'java.lang.Object java.lang.invoke.DirectMethodHandle$Holder.newInvokeSpecial(java.lang.Object, int, java.lang.Object, java.lang.Object, java.lang.Object)'> (0x000000070e9ef078) 
thrown [s\src\hotspot\share\interpreter\linkResolver.cpp, line 784]
Event: 2.380 Thread 0x000001fcc4bcf560 Exception <a 'java/lang/NoSuchMethodError'{0x000000070e9f6c88}: 'java.lang.Object java.lang.invoke.Invokers$Holder.linkToTargetMethod(int, java.lang.Object, java.lang.Object, java.lang.Object, java.lang.Object)'> (0x000000070e9f6c88) 
thrown [s\src\hotspot\share\interpreter\linkResolver.cpp, line 784]
Event: 2.495 Thread 0x000001fcc4bcf560 Exception <a 'java/lang/NoSuchMethodError'{0x000000070dd98678}: 'java.lang.Object java.lang.invoke.DirectMethodHandle$Holder.invokeStatic(java.lang.Object, int, java.lang.Object)'> (0x000000070dd98678) 
thrown [s\src\hotspot\share\interpreter\linkResolver.cpp, line 784]

ZGC Phase Switch (0 events):
No events

VM Operations (20 events):
Event: 2.341 Executing VM operation: ICBufferFull done
Event: 2.385 Executing VM operation: ICBufferFull
Event: 2.385 Executing VM operation: ICBufferFull done
Event: 2.392 Executing VM operation: HandshakeAllThreads (Deoptimize)
Event: 2.392 Executing VM operation: HandshakeAllThreads (Deoptimize) done
Event: 2.498 Executing VM operation: ICBufferFull
Event: 2.498 Executing VM operation: ICBufferFull done
Event: 2.557 Executing VM operation: HandshakeAllThreads (Deoptimize)
Event: 2.557 Executing VM operation: HandshakeAllThreads (Deoptimize) done
Event: 2.561 Executing VM operation: ICBufferFull
Event: 2.561 Executing VM operation: ICBufferFull done
Event: 2.571 Executing VM operation: HandshakeAllThreads (Deoptimize)
Event: 2.572 Executing VM operation: HandshakeAllThreads (Deoptimize) done
Event: 2.604 Executing VM operation: ICBufferFull
Event: 2.604 Executing VM operation: ICBufferFull done
Event: 2.670 Executing VM operation: ICBufferFull
Event: 2.671 Executing VM operation: ICBufferFull done
Event: 2.675 Executing VM operation: HandshakeAllThreads (Deoptimize)
Event: 2.675 Executing VM operation: HandshakeAllThreads (Deoptimize) done
Event: 2.716 Executing VM operation: G1CollectForAllocation (G1 Evacuation Pause)

Memory protections (0 events):
No events

Nmethod flushes (20 events):
Event: 0.818 Thread 0x000001fce6079d90 flushing  nmethod 0x000001fcca190a90
Event: 0.818 Thread 0x000001fce6079d90 flushing  nmethod 0x000001fcca193a90
Event: 0.818 Thread 0x000001fce6079d90 flushing  nmethod 0x000001fcca1af410
Event: 0.818 Thread 0x000001fce6079d90 flushing  nmethod 0x000001fcca1b0090
Event: 0.818 Thread 0x000001fce6079d90 flushing  nmethod 0x000001fcca1b7f90
Event: 0.818 Thread 0x000001fce6079d90 flushing  nmethod 0x000001fcca1c1110
Event: 0.818 Thread 0x000001fce6079d90 flushing  nmethod 0x000001fcca1c1f10
Event: 0.818 Thread 0x000001fce6079d90 flushing  nmethod 0x000001fcca1c2c90
Event: 0.818 Thread 0x000001fce6079d90 flushing  nmethod 0x000001fcca1c3710
Event: 0.818 Thread 0x000001fce6079d90 flushing  nmethod 0x000001fcca1c3e10
Event: 0.818 Thread 0x000001fce6079d90 flushing  nmethod 0x000001fcca1c5b10
Event: 0.818 Thread 0x000001fce6079d90 flushing  nmethod 0x000001fcca1c6090
Event: 0.818 Thread 0x000001fce6079d90 flushing  nmethod 0x000001fcca1d3490
Event: 0.818 Thread 0x000001fce6079d90 flushing  nmethod 0x000001fcca1edc90
Event: 0.818 Thread 0x000001fce6079d90 flushing  nmethod 0x000001fcca1efa10
Event: 0.818 Thread 0x000001fce6079d90 flushing  nmethod 0x000001fcca1f0590
Event: 0.818 Thread 0x000001fce6079d90 flushing  nmethod 0x000001fcca1f0e10
Event: 0.818 Thread 0x000001fce6079d90 flushing  nmethod 0x000001fcca1f5610
Event: 0.818 Thread 0x000001fce6079d90 flushing  nmethod 0x000001fcca1f8e10
Event: 0.818 Thread 0x000001fce6079d90 flushing  nmethod 0x000001fcca250590

Events (20 events):
Event: 0.030 Thread 0x000001fcc4bcf560 Thread added: 0x000001fce60ca1b0
Event: 0.030 Thread 0x000001fcc4bcf560 Thread added: 0x000001fce60cac00
Event: 0.030 Thread 0x000001fcc4bcf560 Thread added: 0x000001fce60cb650
Event: 0.030 Thread 0x000001fcc4bcf560 Thread added: 0x000001fce60ce0b0
Event: 0.030 Thread 0x000001fcc4bcf560 Thread added: 0x000001fce60cee30
Event: 0.030 Thread 0x000001fcc4bcf560 Thread added: 0x000001fce60f0390
Event: 0.042 Thread 0x000001fce60f0390 Thread added: 0x000001fce61e5ad0
Event: 0.044 Thread 0x000001fcc4bcf560 Thread added: 0x000001fce629fef0
Event: 0.046 Thread 0x000001fcc4bcf560 Thread added: 0x000001fce62a4720
Event: 0.049 Loaded shared library D:\Android\Android Studio\jbr\bin\net.dll
Event: 0.050 Loaded shared library D:\Android\Android Studio\jbr\bin\nio.dll
Event: 0.057 Thread 0x000001fce60cee30 Thread added: 0x000001fce6337f80
Event: 0.057 Thread 0x000001fce60cee30 Thread added: 0x000001fce6338620
Event: 0.062 Loaded shared library D:\Android\Android Studio\jbr\bin\zip.dll
Event: 0.074 Loaded shared library D:\Android\Android Studio\jbr\bin\jimage.dll
Event: 0.119 Thread 0x000001fce61e5ad0 Thread added: 0x000001fce671a0f0
Event: 0.119 Thread 0x000001fce61e5ad0 Thread added: 0x000001fce661ce80
Event: 0.483 Thread 0x000001fce671a0f0 Thread added: 0x000001fce7714a60
Event: 0.983 Thread 0x000001fce61e5ad0 Thread added: 0x000001fce8330110
Event: 1.006 Thread 0x000001fce60f0390 Thread added: 0x000001fce832eca0


Dynamic libraries:
0x00007ff7eb400000 - 0x00007ff7eb40a000 	D:\Android\Android Studio\jbr\bin\java.exe
0x00007ffd710b0000 - 0x00007ffd712c7000 	C:\Windows\SYSTEM32\ntdll.dll
0x00007ffd70590000 - 0x00007ffd70654000 	C:\Windows\System32\KERNEL32.DLL
0x00007ffd6e5b0000 - 0x00007ffd6e96a000 	C:\Windows\System32\KERNELBASE.dll
0x00007ffd6e970000 - 0x00007ffd6ea81000 	C:\Windows\System32\ucrtbase.dll
0x00007ffd42980000 - 0x00007ffd42998000 	D:\Android\Android Studio\jbr\bin\jli.dll
0x00007ffd6fd90000 - 0x00007ffd6ff3e000 	C:\Windows\System32\USER32.dll
0x00007ffd69d30000 - 0x00007ffd69d4b000 	D:\Android\Android Studio\jbr\bin\VCRUNTIME140.dll
0x00007ffd6e370000 - 0x00007ffd6e396000 	C:\Windows\System32\win32u.dll
0x00007ffd5d400000 - 0x00007ffd5d692000 	C:\Windows\WinSxS\amd64_microsoft.windows.common-controls_6595b64144ccf1df_6.0.22621.4541_none_2710d1c57384c085\COMCTL32.dll
0x00007ffd70020000 - 0x00007ffd70049000 	C:\Windows\System32\GDI32.dll
0x00007ffd70860000 - 0x00007ffd70907000 	C:\Windows\System32\msvcrt.dll
0x00007ffd6ea90000 - 0x00007ffd6ebab000 	C:\Windows\System32\gdi32full.dll
0x00007ffd6e3a0000 - 0x00007ffd6e43a000 	C:\Windows\System32\msvcp_win.dll
0x00007ffd6eda0000 - 0x00007ffd6edd1000 	C:\Windows\System32\IMM32.DLL
0x00007ffd69d20000 - 0x00007ffd69d2c000 	D:\Android\Android Studio\jbr\bin\vcruntime140_1.dll
0x00007ffd16bc0000 - 0x00007ffd16c4d000 	D:\Android\Android Studio\jbr\bin\msvcp140.dll
0x00007ffcec820000 - 0x00007ffced4aa000 	D:\Android\Android Studio\jbr\bin\server\jvm.dll
0x00007ffd70fb0000 - 0x00007ffd71062000 	C:\Windows\System32\ADVAPI32.dll
0x00007ffd70c80000 - 0x00007ffd70d27000 	C:\Windows\System32\sechost.dll
0x00007ffd6e580000 - 0x00007ffd6e5a8000 	C:\Windows\System32\bcrypt.dll
0x00007ffd70940000 - 0x00007ffd70a54000 	C:\Windows\System32\RPCRT4.dll
0x00007ffd70f30000 - 0x00007ffd70fa1000 	C:\Windows\System32\WS2_32.dll
0x00007ffd689c0000 - 0x00007ffd689f4000 	C:\Windows\SYSTEM32\WINMM.dll
0x00007ffd66870000 - 0x00007ffd6687a000 	C:\Windows\SYSTEM32\VERSION.dll
0x00007ffd6d200000 - 0x00007ffd6d24d000 	C:\Windows\SYSTEM32\POWRPROF.dll
0x00007ffd6d1e0000 - 0x00007ffd6d1f3000 	C:\Windows\SYSTEM32\UMPDC.dll
0x00007ffd6d440000 - 0x00007ffd6d458000 	C:\Windows\SYSTEM32\kernel.appcore.dll
0x00007ffd69d10000 - 0x00007ffd69d1a000 	D:\Android\Android Studio\jbr\bin\jimage.dll
0x00007ffd6bbb0000 - 0x00007ffd6bde2000 	C:\Windows\SYSTEM32\DBGHELP.DLL
0x00007ffd6f880000 - 0x00007ffd6fc11000 	C:\Windows\System32\combase.dll
0x00007ffd6ff40000 - 0x00007ffd70017000 	C:\Windows\System32\OLEAUT32.dll
0x00007ffd63f10000 - 0x00007ffd63f42000 	C:\Windows\SYSTEM32\dbgcore.DLL
0x00007ffd6ebb0000 - 0x00007ffd6ec2b000 	C:\Windows\System32\bcryptPrimitives.dll
0x00007ffd69cf0000 - 0x00007ffd69d10000 	D:\Android\Android Studio\jbr\bin\java.dll
0x00007ffd68b80000 - 0x00007ffd68b98000 	D:\Android\Android Studio\jbr\bin\zip.dll
0x00007ffd6f000000 - 0x00007ffd6f879000 	C:\Windows\System32\SHELL32.dll
0x00007ffd6c2c0000 - 0x00007ffd6cbc9000 	C:\Windows\SYSTEM32\windows.storage.dll
0x00007ffd6c180000 - 0x00007ffd6c2bf000 	C:\Windows\SYSTEM32\wintypes.dll
0x00007ffd6fc80000 - 0x00007ffd6fd7a000 	C:\Windows\System32\SHCORE.dll
0x00007ffd6fc20000 - 0x00007ffd6fc7e000 	C:\Windows\System32\shlwapi.dll
0x00007ffd6e2a0000 - 0x00007ffd6e2cb000 	C:\Windows\SYSTEM32\profapi.dll
0x00007ffd68b70000 - 0x00007ffd68b80000 	D:\Android\Android Studio\jbr\bin\net.dll
0x00007ffd6a790000 - 0x00007ffd6a8c6000 	C:\Windows\SYSTEM32\WINHTTP.dll
0x00007ffd6d920000 - 0x00007ffd6d989000 	C:\Windows\system32\mswsock.dll
0x00007ffd68b50000 - 0x00007ffd68b66000 	D:\Android\Android Studio\jbr\bin\nio.dll
0x00007ffd56070000 - 0x00007ffd56080000 	D:\Android\Android Studio\jbr\bin\verify.dll

dbghelp: loaded successfully - version: 4.0.5 - missing functions: none
symbol engine: initialized successfully - sym options: 0x614 - pdb path: .;D:\Android\Android Studio\jbr\bin;C:\Windows\SYSTEM32;C:\Windows\WinSxS\amd64_microsoft.windows.common-controls_6595b64144ccf1df_6.0.22621.4541_none_2710d1c57384c085;D:\Android\Android Studio\jbr\bin\server

VM Arguments:
java_command: org.jetbrains.kotlin.cli.jvm.K2JVMCompiler @C:\Users\user\AndroidStudioProjects\middle-android-repo\app\build\20250323_9704150840297727382.compiler.options
java_class_path (initial): D:\Gradle\.gradle\caches\modules-2\files-2.1\org.jetbrains.kotlin\kotlin-compiler-embeddable\2.0.21\79346ed53db48b18312a472602eb5c057070c54d\kotlin-compiler-embeddable-2.0.21.jar;D:\Gradle\.gradle\caches\modules-2\files-2.1\org.jetbrains.kotlin\kotlin-stdlib\2.0.21\618b539767b4899b4660a83006e052b63f1db551\kotlin-stdlib-2.0.21.jar;D:\Gradle\.gradle\caches\modules-2\files-2.1\org.jetbrains.kotlin\kotlin-script-runtime\2.0.21\c9b044380ad41f89aa89aa896c2d32a8c0b2129d\kotlin-script-runtime-2.0.21.jar;D:\Gradle\.gradle\caches\modules-2\files-2.1\org.jetbrains.kotlin\kotlin-reflect\1.6.10\1cbe9c92c12a94eea200d23c2bbaedaf3daf5132\kotlin-reflect-1.6.10.jar;D:\Gradle\.gradle\caches\modules-2\files-2.1\org.jetbrains.kotlin\kotlin-daemon-embeddable\2.0.21\c9e933b23287de9b5a17e2116b4657bb91aea72c\kotlin-daemon-embeddable-2.0.21.jar;D:\Gradle\.gradle\caches\modules-2\files-2.1\org.jetbrains.intellij.deps\trove4j\1.0.20200330\3afb14d5f9ceb459d724e907a21145e8ff394f02\trove4j-1.0.20200330.jar;D:\Gradle\.gradle\caches\modules-2\files-2.1\org.jetbrains.kotlinx\kotlinx-coroutines-core-jvm\1.6.4\2c997cd1c0ef33f3e751d3831929aeff1390cb30\kotlinx-coroutines-core-jvm-1.6.4.jar;D:\Gradle\.gradle\caches\modules-2\files-2.1\org.jetbrains\annotations\13.0\919f0dfe192fb4e063e7dacadee7f8bb9a2672a9\annotations-13.0.jar
Launcher Type: SUN_STANDARD

[Global flags]
     intx CICompilerCount                          = 12                                        {product} {ergonomic}
     uint ConcGCThreads                            = 4                                         {product} {ergonomic}
     uint G1ConcRefinementThreads                  = 15                                        {product} {ergonomic}
   size_t G1HeapRegionSize                         = 2097152                                   {product} {ergonomic}
    uintx GCDrainStackTargetSize                   = 64                                        {product} {ergonomic}
   size_t InitialHeapSize                          = 264241152                                 {product} {ergonomic}
   size_t MarkStackSize                            = 4194304                                   {product} {ergonomic}
   size_t MaxHeapSize                              = 4196401152                                {product} {ergonomic}
   size_t MaxNewSize                               = 2516582400                                {product} {ergonomic}
   size_t MinHeapDeltaBytes                        = 2097152                                   {product} {ergonomic}
   size_t MinHeapSize                              = 8388608                                   {product} {ergonomic}
    uintx NonNMethodCodeHeapSize                   = 7602480                                {pd product} {ergonomic}
    uintx NonProfiledCodeHeapSize                  = 122027880                              {pd product} {ergonomic}
    uintx ProfiledCodeHeapSize                     = 122027880                              {pd product} {ergonomic}
    uintx ReservedCodeCacheSize                    = 251658240                              {pd product} {ergonomic}
     bool SegmentedCodeCache                       = true                                      {product} {ergonomic}
   size_t SoftMaxHeapSize                          = 4196401152                             {manageable} {ergonomic}
     bool UseCompressedOops                        = true                           {product lp64_product} {ergonomic}
     bool UseG1GC                                  = true                                      {product} {ergonomic}
     bool UseLargePagesIndividualAllocation        = false                                  {pd product} {ergonomic}

Logging:
Log output configuration:
 #0: stdout all=warning uptime,level,tags foldmultilines=false
 #1: stderr all=off uptime,level,tags foldmultilines=false

Environment Variables:
PATH=C:\Windows\system32;C:\Windows;C:\Windows\System32\Wbem;C:\Windows\System32\WindowsPowerShell\v1.0\;C:\Windows\System32\OpenSSH\;C:\Program Files\dotnet\;C:\Program Files (x86)\NVIDIA Corporation\PhysX\Common;C:\Program Files\Git\cmd;C:\Program Files\NVIDIA Corporation\NVIDIA app\NvDLISR;C:\Users\user\AppData\Local\Microsoft\WindowsApps;C:\Users\user\AppData\Local\JetBrains\Toolbox\scripts;C:\Users\user\AppData\Local\GitHubDesktop\bin
USERNAME=user
OS=Windows_NT
PROCESSOR_IDENTIFIER=Intel64 Family 6 Model 186 Stepping 2, GenuineIntel
TMP=C:\Users\user\AppData\Local\Temp
TEMP=C:\Users\user\AppData\Local\Temp




Periodic native trim disabled

JNI global refs:
JNI global refs: 19, weak refs: 0

JNI global refs memory usage: 835, weak refs: 833

Process memory usage:
Resident Set Size: 373640K (2% of 16389572K total physical memory with 1824168K free physical memory)

OOME stack traces (most recent first):
Classloader memory used:
Loader jdk.internal.loader.ClassLoaders$AppClassLoader                                 : 48781K
Loader bootstrap                                                                       : 10804K
Loader java.net.URLClassLoader                                                         : 258K

---------------  S Y S T E M  ---------------

OS:
 Windows 11 , 64 bit Build 22621 (10.0.22621.4391)
OS uptime: 0 days 0:06 hours

CPU: total 20 (initial active 20) (10 cores per cpu, 2 threads per core) family 6 model 186 stepping 2 microcode 0x411d, cx8, cmov, fxsr, ht, mmx, 3dnowpref, sse, sse2, sse3, ssse3, sse4.1, sse4.2, popcnt, lzcnt, tsc, tscinvbit, avx, avx2, aes, erms, clmul, bmi1, bmi2, adx, sha, fma, vzeroupper, clflush, clflushopt, clwb, serialize, rdtscp, rdpid, fsrm, f16c, pku, cet_ibt, cet_ss
Processor Information for all 20 processors :
  Max Mhz: 2600, Current Mhz: 2600, Mhz Limit: 2600

Memory: 4k page, system-wide physical 16005M (1781M free)
TotalPageFile size 16005M (AvailPageFile size 44M)
current process WorkingSet (physical memory assigned to process): 365M, peak: 372M
current process commit charge ("private bytes"): 409M, peak: 456M

vm_info: OpenJDK 64-Bit Server VM (21.0.5+-12932927-b750.29) for windows-amd64 JRE (21.0.5+-12932927-b750.29), built on 2025-01-17T02:01:10Z by "builder" with MS VC++ 16.10 / 16.11 (VS2019)

END.
